<?xml version="1.0" encoding="UTF-8"?>
<!-- Generated by org.testng.reporters.JUnitXMLReporter -->
<testsuite ignored="0" hostname="LAPTOP-DOBLN3AU" failures="0" tests="2" name="TestNGScript2" time="20.4" errors="0" timestamp="2022-03-01T15:52:47 IST">
  <testcase classname="com.qa.TestNGScripts.Day4.BeofreMethodAnnotation" name="TestWikiHomepage" time="5.627"/>
  <testcase classname="com.qa.TestNGScripts.Day4.BeofreMethodAnnotation" name="TestWikiLoginPage" time="1.816"/>
</testsuite> <!-- TestNGScript2 -->
