<?xml version="1.0" encoding="UTF-8"?>
<!-- Generated by org.testng.reporters.JUnitXMLReporter -->
<testsuite ignored="0" hostname="LAPTOP-DOBLN3AU" failures="0" tests="2" name="TestNGScript3" time="9.385" errors="0" timestamp="2022-03-01T15:52:57 IST">
  <testcase classname="com.qa.TestNGScripts.Day4.BeforeClassAnnoatation" name="TestWikiHomepage" time="6.034"/>
  <testcase classname="com.qa.TestNGScripts.Day4.BeforeClassAnnoatation" name="TestWikiLoginPage" time="1.278"/>
</testsuite> <!-- TestNGScript3 -->
