<?xml version="1.0" encoding="UTF-8"?>
<!-- Generated by org.testng.reporters.JUnitXMLReporter -->
<testsuite ignored="0" hostname="LAPTOP-DOBLN3AU" failures="0" tests="3" name="TestNgScripts1" time="0.072" errors="0" timestamp="2022-03-01T15:52:27 IST">
  <testcase classname="com.qa.TestNGScripts.Day4.TestAnatotationDemo" name="Login" time="0.008"/>
  <testcase classname="com.qa.TestNGScripts.Day4.TestAnatotationDemo" name="Create" time="0.001"/>
  <testcase classname="com.qa.TestNGScripts.Day4.TestAnatotationDemo" name="Logout" time="0.008"/>
</testsuite> <!-- TestNgScripts1 -->
