<?xml version="1.0" encoding="UTF-8"?>
<testng-results ignored="0" total="2" passed="2" failed="0" skipped="0">
  <reporter-output>
  </reporter-output>
  <suite started-at="2022-03-01T16:30:45 IST" name="Suite1" finished-at="2022-03-01T16:31:03 IST" duration-ms="17844">
    <groups>
    </groups>
    <test started-at="2022-03-01T16:30:45 IST" name="TestNgScripts1" finished-at="2022-03-01T16:30:52 IST" duration-ms="6625">
      <class name="com.qa.TestNGScripts.Day4.CrossBrowsertest">
        <test-method is-config="true" signature="openBrowser(java.lang.String)[pri:0, instance:com.qa.TestNGScripts.Day4.CrossBrowsertest@4d465b11]" started-at="2022-03-01T16:30:45 IST" name="openBrowser" finished-at="2022-03-01T16:30:48 IST" duration-ms="2809" status="PASS">
          <params>
            <param index="0">
              <value>
                <![CDATA[chrome]]>
              </value>
            </param>
          </params>
          <reporter-output>
          </reporter-output>
        </test-method> <!-- openBrowser -->
        <test-method signature="testcase(java.lang.String,java.lang.String)[pri:0, instance:com.qa.TestNGScripts.Day4.CrossBrowsertest@4d465b11]" started-at="2022-03-01T16:30:48 IST" name="testcase" finished-at="2022-03-01T16:30:52 IST" duration-ms="3765" status="PASS">
          <params>
            <param index="0">
              <value>
                <![CDATA[draggable]]>
              </value>
            </param>
            <param index="1">
              <value>
                <![CDATA[droppable]]>
              </value>
            </param>
          </params>
          <reporter-output>
          </reporter-output>
        </test-method> <!-- testcase -->
      </class> <!-- com.qa.TestNGScripts.Day4.CrossBrowsertest -->
    </test> <!-- TestNgScripts1 -->
    <test started-at="2022-03-01T16:30:52 IST" name="TestNgScripts2" finished-at="2022-03-01T16:31:03 IST" duration-ms="11151">
      <class name="com.qa.TestNGScripts.Day4.CrossBrowsertest">
        <test-method is-config="true" signature="openBrowser(java.lang.String)[pri:0, instance:com.qa.TestNGScripts.Day4.CrossBrowsertest@43dac38f]" started-at="2022-03-01T16:30:52 IST" name="openBrowser" finished-at="2022-03-01T16:30:59 IST" duration-ms="7279" status="PASS">
          <params>
            <param index="0">
              <value>
                <![CDATA[Firefox]]>
              </value>
            </param>
          </params>
          <reporter-output>
          </reporter-output>
        </test-method> <!-- openBrowser -->
        <test-method signature="testcase(java.lang.String,java.lang.String)[pri:0, instance:com.qa.TestNGScripts.Day4.CrossBrowsertest@43dac38f]" started-at="2022-03-01T16:30:59 IST" name="testcase" finished-at="2022-03-01T16:31:03 IST" duration-ms="3868" status="PASS">
          <params>
            <param index="0">
              <value>
                <![CDATA[draggable]]>
              </value>
            </param>
            <param index="1">
              <value>
                <![CDATA[droppable]]>
              </value>
            </param>
          </params>
          <reporter-output>
          </reporter-output>
        </test-method> <!-- testcase -->
      </class> <!-- com.qa.TestNGScripts.Day4.CrossBrowsertest -->
    </test> <!-- TestNgScripts2 -->
  </suite> <!-- Suite1 -->
</testng-results>
