<?xml version="1.0" encoding="UTF-8"?>
<testng-results ignored="0" total="7" passed="7" failed="0" skipped="0">
  <reporter-output>
  </reporter-output>
  <suite started-at="2022-03-01T15:52:27 IST" name="Suite1" finished-at="2022-03-01T15:52:57 IST" duration-ms="29926">
    <groups>
    </groups>
    <test started-at="2022-03-01T15:52:27 IST" name="TestNgScripts1" finished-at="2022-03-01T15:52:27 IST" duration-ms="72">
      <class name="com.qa.TestNGScripts.Day4.TestAnatotationDemo">
        <test-method signature="Login()[pri:49, instance:com.qa.TestNGScripts.Day4.TestAnatotationDemo@27ff5d15]" started-at="2022-03-01T15:52:27 IST" name="Login" finished-at="2022-03-01T15:52:27 IST" duration-ms="8" status="PASS">
          <reporter-output>
          </reporter-output>
        </test-method> <!-- Login -->
        <test-method signature="Create()[pri:50, instance:com.qa.TestNGScripts.Day4.TestAnatotationDemo@27ff5d15]" started-at="2022-03-01T15:52:27 IST" name="Create" finished-at="2022-03-01T15:52:27 IST" duration-ms="1" status="PASS">
          <reporter-output>
          </reporter-output>
        </test-method> <!-- Create -->
        <test-method signature="Logout()[pri:51, instance:com.qa.TestNGScripts.Day4.TestAnatotationDemo@27ff5d15]" started-at="2022-03-01T15:52:27 IST" name="Logout" finished-at="2022-03-01T15:52:27 IST" duration-ms="8" status="PASS">
          <reporter-output>
          </reporter-output>
        </test-method> <!-- Logout -->
      </class> <!-- com.qa.TestNGScripts.Day4.TestAnatotationDemo -->
    </test> <!-- TestNgScripts1 -->
    <test started-at="2022-03-01T15:52:27 IST" name="TestNGScript2" finished-at="2022-03-01T15:52:47 IST" duration-ms="20400">
      <class name="com.qa.TestNGScripts.Day4.BeofreMethodAnnotation">
        <test-method is-config="true" signature="startbrowser()[pri:0, instance:com.qa.TestNGScripts.Day4.BeofreMethodAnnotation@209da20d]" started-at="2022-03-01T15:52:27 IST" name="startbrowser" finished-at="2022-03-01T15:52:29 IST" duration-ms="2479" status="PASS">
          <reporter-output>
          </reporter-output>
        </test-method> <!-- startbrowser -->
        <test-method signature="TestWikiHomepage()[pri:49, instance:com.qa.TestNGScripts.Day4.BeofreMethodAnnotation@209da20d]" started-at="2022-03-01T15:52:29 IST" name="TestWikiHomepage" finished-at="2022-03-01T15:52:35 IST" duration-ms="5627" status="PASS">
          <reporter-output>
          </reporter-output>
        </test-method> <!-- TestWikiHomepage -->
        <test-method is-config="true" signature="closeBrowser()[pri:0, instance:com.qa.TestNGScripts.Day4.BeofreMethodAnnotation@209da20d]" started-at="2022-03-01T15:52:35 IST" name="closeBrowser" finished-at="2022-03-01T15:52:39 IST" duration-ms="4299" status="PASS">
          <reporter-output>
          </reporter-output>
        </test-method> <!-- closeBrowser -->
        <test-method is-config="true" signature="startbrowser()[pri:0, instance:com.qa.TestNGScripts.Day4.BeofreMethodAnnotation@209da20d]" started-at="2022-03-01T15:52:39 IST" name="startbrowser" finished-at="2022-03-01T15:52:41 IST" duration-ms="1921" status="PASS">
          <reporter-output>
          </reporter-output>
        </test-method> <!-- startbrowser -->
        <test-method signature="TestWikiLoginPage()[pri:50, instance:com.qa.TestNGScripts.Day4.BeofreMethodAnnotation@209da20d]" started-at="2022-03-01T15:52:41 IST" name="TestWikiLoginPage" finished-at="2022-03-01T15:52:43 IST" duration-ms="1816" status="PASS">
          <reporter-output>
          </reporter-output>
        </test-method> <!-- TestWikiLoginPage -->
        <test-method is-config="true" signature="closeBrowser()[pri:0, instance:com.qa.TestNGScripts.Day4.BeofreMethodAnnotation@209da20d]" started-at="2022-03-01T15:52:43 IST" name="closeBrowser" finished-at="2022-03-01T15:52:47 IST" duration-ms="4249" status="PASS">
          <reporter-output>
          </reporter-output>
        </test-method> <!-- closeBrowser -->
      </class> <!-- com.qa.TestNGScripts.Day4.BeofreMethodAnnotation -->
    </test> <!-- TestNGScript2 -->
    <test started-at="2022-03-01T15:52:47 IST" name="TestNGScript3" finished-at="2022-03-01T15:52:57 IST" duration-ms="9385">
      <class name="com.qa.TestNGScripts.Day4.BeforeClassAnnoatation">
        <test-method is-config="true" signature="startbrowser()[pri:0, instance:com.qa.TestNGScripts.Day4.BeforeClassAnnoatation@3ee37e5a]" started-at="2022-03-01T15:52:47 IST" name="startbrowser" finished-at="2022-03-01T15:52:49 IST" duration-ms="1800" status="PASS">
          <reporter-output>
          </reporter-output>
        </test-method> <!-- startbrowser -->
        <test-method signature="TestWikiHomepage()[pri:49, instance:com.qa.TestNGScripts.Day4.BeforeClassAnnoatation@3ee37e5a]" started-at="2022-03-01T15:52:49 IST" name="TestWikiHomepage" finished-at="2022-03-01T15:52:55 IST" duration-ms="6034" status="PASS">
          <reporter-output>
          </reporter-output>
        </test-method> <!-- TestWikiHomepage -->
        <test-method signature="TestWikiLoginPage()[pri:50, instance:com.qa.TestNGScripts.Day4.BeforeClassAnnoatation@3ee37e5a]" started-at="2022-03-01T15:52:55 IST" name="TestWikiLoginPage" finished-at="2022-03-01T15:52:56 IST" duration-ms="1278" status="PASS">
          <reporter-output>
          </reporter-output>
        </test-method> <!-- TestWikiLoginPage -->
        <test-method is-config="true" signature="closeBrowser()[pri:0, instance:com.qa.TestNGScripts.Day4.BeforeClassAnnoatation@3ee37e5a]" started-at="2022-03-01T15:52:56 IST" name="closeBrowser" finished-at="2022-03-01T15:52:57 IST" duration-ms="268" status="PASS">
          <reporter-output>
          </reporter-output>
        </test-method> <!-- closeBrowser -->
      </class> <!-- com.qa.TestNGScripts.Day4.BeforeClassAnnoatation -->
    </test> <!-- TestNGScript3 -->
  </suite> <!-- Suite1 -->
</testng-results>
